2010/12/05 14:10:10 SearchCard [DEBUG]: キー値 : SearchCard  取得URL : https://pt01.mul-pay.jp/payment/SearchCard.idPass
2010/12/05 14:10:10 SearchCard [DEBUG]: 戻り値 : CardSeq=0&DefaultFlag=0&CardName=&CardNo=*************111&Expire=1301&HolderName=4111111111111111&DeleteFlag=0
2010/12/05 14:10:41 SearchCard [DEBUG]: キー値 : SearchCard  取得URL : https://pt01.mul-pay.jp/payment/SearchCard.idPass
2010/12/05 14:10:42 SearchCard [DEBUG]: 戻り値 : CardSeq=0&DefaultFlag=0&CardName=&CardNo=*************111&Expire=1301&HolderName=4111111111111111&DeleteFlag=0
2010/12/05 14:10:44 SearchTrade [DEBUG]: キー値 : SearchTrade  取得URL : https://pt01.mul-pay.jp/payment/SearchTrade.idPass
2010/12/05 14:10:44 SearchTrade [DEBUG]: 戻り値 : ErrCode=E01&ErrInfo=E01110002
2010/12/05 14:10:44 IgnoreCaseMap [DEBUG]: 指定のキーは存在しません: key[ OrderID ]
2010/12/05 14:10:44 IgnoreCaseMap [DEBUG]: 指定のキーは存在しません: key[ Status ]
2010/12/05 14:10:44 IgnoreCaseMap [DEBUG]: 指定のキーは存在しません: key[ ProcessDate ]
2010/12/05 14:10:44 IgnoreCaseMap [DEBUG]: 指定のキーは存在しません: key[ JobCd ]
2010/12/05 14:10:44 IgnoreCaseMap [DEBUG]: 指定のキーは存在しません: key[ AccessID ]
2010/12/05 14:10:44 IgnoreCaseMap [DEBUG]: 指定のキーは存在しません: key[ AccessPass ]
2010/12/05 14:10:44 IgnoreCaseMap [DEBUG]: 指定のキーは存在しません: key[ ItemCode ]
2010/12/05 14:10:44 IgnoreCaseMap [DEBUG]: 指定のキーは存在しません: key[ Amount ]
2010/12/05 14:10:44 IgnoreCaseMap [DEBUG]: 指定のキーは存在しません: key[ Tax ]
2010/12/05 14:10:44 IgnoreCaseMap [DEBUG]: 指定のキーは存在しません: key[ SiteID ]
2010/12/05 14:10:44 IgnoreCaseMap [DEBUG]: 指定のキーは存在しません: key[ MemberID ]
2010/12/05 14:10:44 IgnoreCaseMap [DEBUG]: 指定のキーは存在しません: key[ CardNo ]
2010/12/05 14:10:44 IgnoreCaseMap [DEBUG]: 指定のキーは存在しません: key[ Expire ]
2010/12/05 14:10:44 IgnoreCaseMap [DEBUG]: 指定のキーは存在しません: key[ Method ]
2010/12/05 14:10:44 IgnoreCaseMap [DEBUG]: 指定のキーは存在しません: key[ PayTimes ]
2010/12/05 14:10:44 IgnoreCaseMap [DEBUG]: 指定のキーは存在しません: key[ Forward ]
2010/12/05 14:10:44 IgnoreCaseMap [DEBUG]: 指定のキーは存在しません: key[ TranID ]
2010/12/05 14:10:44 IgnoreCaseMap [DEBUG]: 指定のキーは存在しません: key[ Approve ]
2010/12/05 14:10:44 IgnoreCaseMap [DEBUG]: 指定のキーは存在しません: key[ ClientField1 ]
2010/12/05 14:10:44 IgnoreCaseMap [DEBUG]: 指定のキーは存在しません: key[ ClientField2 ]
2010/12/05 14:10:44 IgnoreCaseMap [DEBUG]: 指定のキーは存在しません: key[ ClientField3 ]
2010/12/05 14:10:44 EntryTran [DEBUG]: キー値 : EntryTran  取得URL : https://pt01.mul-pay.jp/payment/EntryTran.idPass
2010/12/05 14:10:45 EntryTran [DEBUG]: 戻り値 : AccessID=e34175a6b8d991e8e59abdfea7cb5e56&AccessPass=fb88331dea7882ae1007e9501538bd1f
2010/12/05 17:13:20 SearchCard [DEBUG]: キー値 : SearchCard  取得URL : https://pt01.mul-pay.jp/payment/SearchCard.idPass
2010/12/05 17:13:21 SearchCard [DEBUG]: 戻り値 : CardSeq=0&DefaultFlag=0&CardName=&CardNo=*************111&Expire=1301&HolderName=4111111111111111&DeleteFlag=0
2010/12/05 17:13:24 SearchTrade [DEBUG]: キー値 : SearchTrade  取得URL : https://pt01.mul-pay.jp/payment/SearchTrade.idPass
2010/12/05 17:13:24 SearchTrade [DEBUG]: 戻り値 : ErrCode=E01&ErrInfo=E01110002
2010/12/05 17:13:24 IgnoreCaseMap [DEBUG]: 指定のキーは存在しません: key[ OrderID ]
2010/12/05 17:13:24 IgnoreCaseMap [DEBUG]: 指定のキーは存在しません: key[ Status ]
2010/12/05 17:13:24 IgnoreCaseMap [DEBUG]: 指定のキーは存在しません: key[ ProcessDate ]
2010/12/05 17:13:24 IgnoreCaseMap [DEBUG]: 指定のキーは存在しません: key[ JobCd ]
2010/12/05 17:13:24 IgnoreCaseMap [DEBUG]: 指定のキーは存在しません: key[ AccessID ]
2010/12/05 17:13:24 IgnoreCaseMap [DEBUG]: 指定のキーは存在しません: key[ AccessPass ]
2010/12/05 17:13:24 IgnoreCaseMap [DEBUG]: 指定のキーは存在しません: key[ ItemCode ]
2010/12/05 17:13:24 IgnoreCaseMap [DEBUG]: 指定のキーは存在しません: key[ Amount ]
2010/12/05 17:13:24 IgnoreCaseMap [DEBUG]: 指定のキーは存在しません: key[ Tax ]
2010/12/05 17:13:24 IgnoreCaseMap [DEBUG]: 指定のキーは存在しません: key[ SiteID ]
2010/12/05 17:13:24 IgnoreCaseMap [DEBUG]: 指定のキーは存在しません: key[ MemberID ]
2010/12/05 17:13:24 IgnoreCaseMap [DEBUG]: 指定のキーは存在しません: key[ CardNo ]
2010/12/05 17:13:24 IgnoreCaseMap [DEBUG]: 指定のキーは存在しません: key[ Expire ]
2010/12/05 17:13:24 IgnoreCaseMap [DEBUG]: 指定のキーは存在しません: key[ Method ]
2010/12/05 17:13:24 IgnoreCaseMap [DEBUG]: 指定のキーは存在しません: key[ PayTimes ]
2010/12/05 17:13:24 IgnoreCaseMap [DEBUG]: 指定のキーは存在しません: key[ Forward ]
2010/12/05 17:13:24 IgnoreCaseMap [DEBUG]: 指定のキーは存在しません: key[ TranID ]
2010/12/05 17:13:24 IgnoreCaseMap [DEBUG]: 指定のキーは存在しません: key[ Approve ]
2010/12/05 17:13:24 IgnoreCaseMap [DEBUG]: 指定のキーは存在しません: key[ ClientField1 ]
2010/12/05 17:13:24 IgnoreCaseMap [DEBUG]: 指定のキーは存在しません: key[ ClientField2 ]
2010/12/05 17:13:24 IgnoreCaseMap [DEBUG]: 指定のキーは存在しません: key[ ClientField3 ]
2010/12/05 17:13:24 EntryTran [DEBUG]: キー値 : EntryTran  取得URL : https://pt01.mul-pay.jp/payment/EntryTran.idPass
2010/12/05 17:13:24 EntryTran [DEBUG]: 戻り値 : AccessID=2d2b7c368f8dd1ae9befb5c4ad09a3cc&AccessPass=60ed4a445fa5dcfe56a89dd6fc4c76cf
2010/12/05 21:22:20 SearchCard [DEBUG]: キー値 : SearchCard  取得URL : https://pt01.mul-pay.jp/payment/SearchCard.idPass
2010/12/05 21:22:20 SearchCard [DEBUG]: 戻り値 : ErrCode=E01|E01&ErrInfo=E01390002|E01240002
2010/12/05 21:22:20 IgnoreCaseMap [DEBUG]: 指定のキーは存在しません: key[ CardSeq ]
2010/12/05 21:22:20 IgnoreCaseMap [DEBUG]: 指定のキーは存在しません: key[ CardSeq ]
2010/12/05 21:22:20 IgnoreCaseMap [DEBUG]: 指定のキーは存在しません: key[ DefaultFlag ]
2010/12/05 21:22:20 IgnoreCaseMap [DEBUG]: 指定のキーは存在しません: key[ CardName ]
2010/12/05 21:22:20 IgnoreCaseMap [DEBUG]: 指定のキーは存在しません: key[ CardNo ]
2010/12/05 21:22:20 IgnoreCaseMap [DEBUG]: 指定のキーは存在しません: key[ Expire ]
2010/12/05 21:22:20 IgnoreCaseMap [DEBUG]: 指定のキーは存在しません: key[ HolderName ]
2010/12/05 21:22:20 IgnoreCaseMap [DEBUG]: 指定のキーは存在しません: key[ DeleteFlag ]
2010/12/05 21:22:20 SearchCard [DEBUG]: キー値 : SearchCard  取得URL : https://pt01.mul-pay.jp/payment/SearchCard.idPass
2010/12/05 21:22:21 SearchCard [DEBUG]: 戻り値 : ErrCode=E01|E01&ErrInfo=E01390002|E01240002
2010/12/05 21:22:21 IgnoreCaseMap [DEBUG]: 指定のキーは存在しません: key[ CardSeq ]
2010/12/05 21:22:21 IgnoreCaseMap [DEBUG]: 指定のキーは存在しません: key[ CardSeq ]
2010/12/05 21:22:21 IgnoreCaseMap [DEBUG]: 指定のキーは存在しません: key[ DefaultFlag ]
2010/12/05 21:22:21 IgnoreCaseMap [DEBUG]: 指定のキーは存在しません: key[ CardName ]
2010/12/05 21:22:21 IgnoreCaseMap [DEBUG]: 指定のキーは存在しません: key[ CardNo ]
2010/12/05 21:22:21 IgnoreCaseMap [DEBUG]: 指定のキーは存在しません: key[ Expire ]
2010/12/05 21:22:21 IgnoreCaseMap [DEBUG]: 指定のキーは存在しません: key[ HolderName ]
2010/12/05 21:22:21 IgnoreCaseMap [DEBUG]: 指定のキーは存在しません: key[ DeleteFlag ]
2010/12/05 21:22:41 SearchMember [DEBUG]: キー値 : SearchMember  取得URL : https://pt01.mul-pay.jp/payment/SearchMember.idPass
2010/12/05 21:22:41 SearchMember [DEBUG]: 戻り値 : ErrCode=E01&ErrInfo=E01390002
2010/12/05 21:22:41 IgnoreCaseMap [DEBUG]: 指定のキーは存在しません: key[ MemberID ]
2010/12/05 21:22:41 IgnoreCaseMap [DEBUG]: 指定のキーは存在しません: key[ MemberName ]
2010/12/05 21:22:41 SaveMember [DEBUG]: キー値 : SaveMember  取得URL : https://pt01.mul-pay.jp/payment/SaveMember.idPass
2010/12/05 21:22:41 SaveMember [DEBUG]: 戻り値 : MemberID=test003@test.com
2010/12/05 21:22:41 SearchCard [DEBUG]: キー値 : SearchCard  取得URL : https://pt01.mul-pay.jp/payment/SearchCard.idPass
2010/12/05 21:22:41 SearchCard [DEBUG]: 戻り値 : ErrCode=E01&ErrInfo=E01240002
2010/12/05 21:22:41 IgnoreCaseMap [DEBUG]: 指定のキーは存在しません: key[ CardSeq ]
2010/12/05 21:22:41 IgnoreCaseMap [DEBUG]: 指定のキーは存在しません: key[ CardSeq ]
2010/12/05 21:22:41 IgnoreCaseMap [DEBUG]: 指定のキーは存在しません: key[ DefaultFlag ]
2010/12/05 21:22:41 IgnoreCaseMap [DEBUG]: 指定のキーは存在しません: key[ CardName ]
2010/12/05 21:22:41 IgnoreCaseMap [DEBUG]: 指定のキーは存在しません: key[ CardNo ]
2010/12/05 21:22:41 IgnoreCaseMap [DEBUG]: 指定のキーは存在しません: key[ Expire ]
2010/12/05 21:22:41 IgnoreCaseMap [DEBUG]: 指定のキーは存在しません: key[ HolderName ]
2010/12/05 21:22:41 IgnoreCaseMap [DEBUG]: 指定のキーは存在しません: key[ DeleteFlag ]
2010/12/05 21:22:41 EntryTran [DEBUG]: キー値 : EntryTran  取得URL : https://pt01.mul-pay.jp/payment/EntryTran.idPass
2010/12/05 21:22:42 EntryTran [DEBUG]: 戻り値 : AccessID=c73809a4458c40742655c71c645614e2&AccessPass=547c2eecc39fd1868644561ca630d74e
2010/12/05 21:22:42 ExecTran [DEBUG]: キー値 : ExecTran  取得URL : https://pt01.mul-pay.jp/payment/ExecTran.idPass
2010/12/05 21:22:42 ExecTran [DEBUG]: 戻り値 : ACS=0&OrderID=94111111111111111130151761&Forward=2a99662&Method=&PayTimes=&Approve=2394248&TranID=1012052122111111111111193373&TranDate=20101205212241&CheckString=caaaf96df318f5f70a41329bf177c776&ClientField1=&ClientField2=&ClientField3=
2010/12/05 21:22:42 IgnoreCaseMap [DEBUG]: 指定のキーは存在しません: key[ CardName ]
2010/12/05 21:22:42 IgnoreCaseMap [DEBUG]: 指定のキーは存在しません: key[ AcsUrl ]
2010/12/05 21:22:42 IgnoreCaseMap [DEBUG]: 指定のキーは存在しません: key[ PaReq ]
2010/12/05 21:22:42 IgnoreCaseMap [DEBUG]: 指定のキーは存在しません: key[ MD ]
2010/12/05 21:22:42 TradedCard [DEBUG]: キー値 : TradedCard  取得URL : https://pt01.mul-pay.jp/payment/TradedCard.idPass
2010/12/05 21:22:43 TradedCard [DEBUG]: 戻り値 : CardSeq=0&CardNo=************1111&Forward=2a99662
2010/12/05 21:29:24 SearchMember [DEBUG]: キー値 : SearchMember  取得URL : https://pt01.mul-pay.jp/payment/SearchMember.idPass
2010/12/05 21:29:24 SearchMember [DEBUG]: 戻り値 : MemberID=test003@test.com&MemberName=&DeleteFlag=0
2010/12/05 21:29:24 SearchCard [DEBUG]: キー値 : SearchCard  取得URL : https://pt01.mul-pay.jp/payment/SearchCard.idPass
2010/12/05 21:29:24 SearchCard [DEBUG]: 戻り値 : CardSeq=0&DefaultFlag=0&CardName=&CardNo=*************111&Expire=1301&HolderName=4111111111111111&DeleteFlag=0
2010/12/05 21:29:24 SaveCard [DEBUG]: キー値 : SaveCard  取得URL : https://pt01.mul-pay.jp/payment/SaveCard.idPass
2010/12/05 21:29:25 SaveCard [DEBUG]: 戻り値 : CardSeq=0&CardNo=*************111&Forward=2a99662
2010/12/05 21:29:25 SearchCard [DEBUG]: キー値 : SearchCard  取得URL : https://pt01.mul-pay.jp/payment/SearchCard.idPass
2010/12/05 21:29:25 SearchCard [DEBUG]: 戻り値 : CardSeq=0&DefaultFlag=0&CardName=&CardNo=*************111&Expire=1301&HolderName=4111111111111111&DeleteFlag=0
2010/12/05 21:29:49 SearchCard [DEBUG]: キー値 : SearchCard  取得URL : https://pt01.mul-pay.jp/payment/SearchCard.idPass
2010/12/05 21:29:49 SearchCard [DEBUG]: 戻り値 : CardSeq=0&DefaultFlag=0&CardName=&CardNo=*************111&Expire=1301&HolderName=4111111111111111&DeleteFlag=0
2010/12/05 21:29:55 SearchCard [DEBUG]: キー値 : SearchCard  取得URL : https://pt01.mul-pay.jp/payment/SearchCard.idPass
2010/12/05 21:29:56 SearchCard [DEBUG]: 戻り値 : CardSeq=0&DefaultFlag=0&CardName=&CardNo=*************111&Expire=1301&HolderName=4111111111111111&DeleteFlag=0
2010/12/05 21:30:13 SearchCard [DEBUG]: キー値 : SearchCard  取得URL : https://pt01.mul-pay.jp/payment/SearchCard.idPass
2010/12/05 21:30:13 SearchCard [DEBUG]: 戻り値 : CardSeq=0&DefaultFlag=0&CardName=&CardNo=*************111&Expire=1301&HolderName=4111111111111111&DeleteFlag=0
2010/12/05 21:31:10 SearchCard [DEBUG]: キー値 : SearchCard  取得URL : https://pt01.mul-pay.jp/payment/SearchCard.idPass
2010/12/05 21:31:11 SearchCard [DEBUG]: 戻り値 : CardSeq=0&DefaultFlag=0&CardName=&CardNo=*************111&Expire=1301&HolderName=4111111111111111&DeleteFlag=0
2010/12/05 21:31:13 SearchTrade [DEBUG]: キー値 : SearchTrade  取得URL : https://pt01.mul-pay.jp/payment/SearchTrade.idPass
2010/12/05 21:31:13 SearchTrade [DEBUG]: 戻り値 : ErrCode=E01&ErrInfo=E01110002
2010/12/05 21:31:13 IgnoreCaseMap [DEBUG]: 指定のキーは存在しません: key[ OrderID ]
2010/12/05 21:31:13 IgnoreCaseMap [DEBUG]: 指定のキーは存在しません: key[ Status ]
2010/12/05 21:31:13 IgnoreCaseMap [DEBUG]: 指定のキーは存在しません: key[ ProcessDate ]
2010/12/05 21:31:13 IgnoreCaseMap [DEBUG]: 指定のキーは存在しません: key[ JobCd ]
2010/12/05 21:31:13 IgnoreCaseMap [DEBUG]: 指定のキーは存在しません: key[ AccessID ]
2010/12/05 21:31:13 IgnoreCaseMap [DEBUG]: 指定のキーは存在しません: key[ AccessPass ]
2010/12/05 21:31:13 IgnoreCaseMap [DEBUG]: 指定のキーは存在しません: key[ ItemCode ]
2010/12/05 21:31:13 IgnoreCaseMap [DEBUG]: 指定のキーは存在しません: key[ Amount ]
2010/12/05 21:31:13 IgnoreCaseMap [DEBUG]: 指定のキーは存在しません: key[ Tax ]
2010/12/05 21:31:13 IgnoreCaseMap [DEBUG]: 指定のキーは存在しません: key[ SiteID ]
2010/12/05 21:31:13 IgnoreCaseMap [DEBUG]: 指定のキーは存在しません: key[ MemberID ]
2010/12/05 21:31:13 IgnoreCaseMap [DEBUG]: 指定のキーは存在しません: key[ CardNo ]
2010/12/05 21:31:13 IgnoreCaseMap [DEBUG]: 指定のキーは存在しません: key[ Expire ]
2010/12/05 21:31:13 IgnoreCaseMap [DEBUG]: 指定のキーは存在しません: key[ Method ]
2010/12/05 21:31:13 IgnoreCaseMap [DEBUG]: 指定のキーは存在しません: key[ PayTimes ]
2010/12/05 21:31:13 IgnoreCaseMap [DEBUG]: 指定のキーは存在しません: key[ Forward ]
2010/12/05 21:31:13 IgnoreCaseMap [DEBUG]: 指定のキーは存在しません: key[ TranID ]
2010/12/05 21:31:13 IgnoreCaseMap [DEBUG]: 指定のキーは存在しません: key[ Approve ]
2010/12/05 21:31:13 IgnoreCaseMap [DEBUG]: 指定のキーは存在しません: key[ ClientField1 ]
2010/12/05 21:31:13 IgnoreCaseMap [DEBUG]: 指定のキーは存在しません: key[ ClientField2 ]
2010/12/05 21:31:13 IgnoreCaseMap [DEBUG]: 指定のキーは存在しません: key[ ClientField3 ]
2010/12/05 21:31:13 EntryTran [DEBUG]: キー値 : EntryTran  取得URL : https://pt01.mul-pay.jp/payment/EntryTran.idPass
2010/12/05 21:31:13 EntryTran [DEBUG]: 戻り値 : AccessID=5afd6651e729e2bbc4bffe76f4116a04&AccessPass=ef65d0ebc6b9ee002aa8af8405ab3f3a
2010/12/05 21:35:49 SearchCard [DEBUG]: キー値 : SearchCard  取得URL : https://pt01.mul-pay.jp/payment/SearchCard.idPass
2010/12/05 21:35:49 SearchCard [DEBUG]: 戻り値 : ErrCode=E01|E01&ErrInfo=E01390002|E01240002
2010/12/05 21:35:49 IgnoreCaseMap [DEBUG]: 指定のキーは存在しません: key[ CardSeq ]
2010/12/05 21:35:49 IgnoreCaseMap [DEBUG]: 指定のキーは存在しません: key[ CardSeq ]
2010/12/05 21:35:49 IgnoreCaseMap [DEBUG]: 指定のキーは存在しません: key[ DefaultFlag ]
2010/12/05 21:35:49 IgnoreCaseMap [DEBUG]: 指定のキーは存在しません: key[ CardName ]
2010/12/05 21:35:49 IgnoreCaseMap [DEBUG]: 指定のキーは存在しません: key[ CardNo ]
2010/12/05 21:35:49 IgnoreCaseMap [DEBUG]: 指定のキーは存在しません: key[ Expire ]
2010/12/05 21:35:49 IgnoreCaseMap [DEBUG]: 指定のキーは存在しません: key[ HolderName ]
2010/12/05 21:35:49 IgnoreCaseMap [DEBUG]: 指定のキーは存在しません: key[ DeleteFlag ]
2010/12/05 21:35:49 SearchCard [DEBUG]: キー値 : SearchCard  取得URL : https://pt01.mul-pay.jp/payment/SearchCard.idPass
2010/12/05 21:35:50 SearchCard [DEBUG]: 戻り値 : ErrCode=E01|E01&ErrInfo=E01390002|E01240002
2010/12/05 21:35:50 IgnoreCaseMap [DEBUG]: 指定のキーは存在しません: key[ CardSeq ]
2010/12/05 21:35:50 IgnoreCaseMap [DEBUG]: 指定のキーは存在しません: key[ CardSeq ]
2010/12/05 21:35:50 IgnoreCaseMap [DEBUG]: 指定のキーは存在しません: key[ DefaultFlag ]
2010/12/05 21:35:50 IgnoreCaseMap [DEBUG]: 指定のキーは存在しません: key[ CardName ]
2010/12/05 21:35:50 IgnoreCaseMap [DEBUG]: 指定のキーは存在しません: key[ CardNo ]
2010/12/05 21:35:50 IgnoreCaseMap [DEBUG]: 指定のキーは存在しません: key[ Expire ]
2010/12/05 21:35:50 IgnoreCaseMap [DEBUG]: 指定のキーは存在しません: key[ HolderName ]
2010/12/05 21:35:50 IgnoreCaseMap [DEBUG]: 指定のキーは存在しません: key[ DeleteFlag ]
2010/12/05 21:36:16 SearchMember [DEBUG]: キー値 : SearchMember  取得URL : https://pt01.mul-pay.jp/payment/SearchMember.idPass
2010/12/05 21:36:16 SearchMember [DEBUG]: 戻り値 : ErrCode=E01&ErrInfo=E01390002
2010/12/05 21:36:16 IgnoreCaseMap [DEBUG]: 指定のキーは存在しません: key[ MemberID ]
2010/12/05 21:36:16 IgnoreCaseMap [DEBUG]: 指定のキーは存在しません: key[ MemberName ]
2010/12/05 21:36:16 SaveMember [DEBUG]: キー値 : SaveMember  取得URL : https://pt01.mul-pay.jp/payment/SaveMember.idPass
2010/12/05 21:36:17 SaveMember [DEBUG]: 戻り値 : MemberID=test004@test.com
2010/12/05 21:36:17 SearchCard [DEBUG]: キー値 : SearchCard  取得URL : https://pt01.mul-pay.jp/payment/SearchCard.idPass
2010/12/05 21:36:17 SearchCard [DEBUG]: 戻り値 : ErrCode=E01&ErrInfo=E01240002
2010/12/05 21:36:17 IgnoreCaseMap [DEBUG]: 指定のキーは存在しません: key[ CardSeq ]
2010/12/05 21:36:17 IgnoreCaseMap [DEBUG]: 指定のキーは存在しません: key[ CardSeq ]
2010/12/05 21:36:17 IgnoreCaseMap [DEBUG]: 指定のキーは存在しません: key[ DefaultFlag ]
2010/12/05 21:36:17 IgnoreCaseMap [DEBUG]: 指定のキーは存在しません: key[ CardName ]
2010/12/05 21:36:17 IgnoreCaseMap [DEBUG]: 指定のキーは存在しません: key[ CardNo ]
2010/12/05 21:36:17 IgnoreCaseMap [DEBUG]: 指定のキーは存在しません: key[ Expire ]
2010/12/05 21:36:17 IgnoreCaseMap [DEBUG]: 指定のキーは存在しません: key[ HolderName ]
2010/12/05 21:36:17 IgnoreCaseMap [DEBUG]: 指定のキーは存在しません: key[ DeleteFlag ]
2010/12/05 21:36:17 EntryTran [DEBUG]: キー値 : EntryTran  取得URL : https://pt01.mul-pay.jp/payment/EntryTran.idPass
2010/12/05 21:36:17 EntryTran [DEBUG]: 戻り値 : AccessID=c71b2f4c92655cf0326d14c2fde3812d&AccessPass=a827f79cab66ecb86af9ae5a49590e6c
2010/12/05 21:36:17 ExecTran [DEBUG]: キー値 : ExecTran  取得URL : https://pt01.mul-pay.jp/payment/ExecTran.idPass
2010/12/05 21:36:17 ExecTran [DEBUG]: 戻り値 : ErrCode=E01|E01&ErrInfo=E01170003|E01170011
2010/12/05 21:36:17 IgnoreCaseMap [DEBUG]: 指定のキーは存在しません: key[ OrderID ]
2010/12/05 21:36:17 IgnoreCaseMap [DEBUG]: 指定のキーは存在しません: key[ CardName ]
2010/12/05 21:36:17 IgnoreCaseMap [DEBUG]: 指定のキーは存在しません: key[ Forward ]
2010/12/05 21:36:17 IgnoreCaseMap [DEBUG]: 指定のキーは存在しません: key[ Method ]
2010/12/05 21:36:17 IgnoreCaseMap [DEBUG]: 指定のキーは存在しません: key[ PayTimes ]
2010/12/05 21:36:17 IgnoreCaseMap [DEBUG]: 指定のキーは存在しません: key[ TranID ]
2010/12/05 21:36:17 IgnoreCaseMap [DEBUG]: 指定のキーは存在しません: key[ Approve ]
2010/12/05 21:36:17 IgnoreCaseMap [DEBUG]: 指定のキーは存在しません: key[ Acs ]
2010/12/05 21:36:17 IgnoreCaseMap [DEBUG]: 指定のキーは存在しません: key[ TranDate ]
2010/12/05 21:36:17 IgnoreCaseMap [DEBUG]: 指定のキーは存在しません: key[ CheckString ]
2010/12/05 21:36:17 IgnoreCaseMap [DEBUG]: 指定のキーは存在しません: key[ ClientField1 ]
2010/12/05 21:36:17 IgnoreCaseMap [DEBUG]: 指定のキーは存在しません: key[ ClientField2 ]
2010/12/05 21:36:17 IgnoreCaseMap [DEBUG]: 指定のキーは存在しません: key[ ClientField3 ]
2010/12/05 21:36:17 IgnoreCaseMap [DEBUG]: 指定のキーは存在しません: key[ AcsUrl ]
2010/12/05 21:36:17 IgnoreCaseMap [DEBUG]: 指定のキーは存在しません: key[ PaReq ]
2010/12/05 21:36:17 IgnoreCaseMap [DEBUG]: 指定のキーは存在しません: key[ MD ]
2010/12/05 21:37:13 SearchCard [DEBUG]: キー値 : SearchCard  取得URL : https://pt01.mul-pay.jp/payment/SearchCard.idPass
2010/12/05 21:37:13 SearchCard [DEBUG]: 戻り値 : ErrCode=E01&ErrInfo=E01240002
2010/12/05 21:37:13 IgnoreCaseMap [DEBUG]: 指定のキーは存在しません: key[ CardSeq ]
2010/12/05 21:37:13 IgnoreCaseMap [DEBUG]: 指定のキーは存在しません: key[ CardSeq ]
2010/12/05 21:37:13 IgnoreCaseMap [DEBUG]: 指定のキーは存在しません: key[ DefaultFlag ]
2010/12/05 21:37:13 IgnoreCaseMap [DEBUG]: 指定のキーは存在しません: key[ CardName ]
2010/12/05 21:37:13 IgnoreCaseMap [DEBUG]: 指定のキーは存在しません: key[ CardNo ]
2010/12/05 21:37:13 IgnoreCaseMap [DEBUG]: 指定のキーは存在しません: key[ Expire ]
2010/12/05 21:37:13 IgnoreCaseMap [DEBUG]: 指定のキーは存在しません: key[ HolderName ]
2010/12/05 21:37:13 IgnoreCaseMap [DEBUG]: 指定のキーは存在しません: key[ DeleteFlag ]
2010/12/05 21:37:13 SearchCard [DEBUG]: キー値 : SearchCard  取得URL : https://pt01.mul-pay.jp/payment/SearchCard.idPass
2010/12/05 21:37:13 SearchCard [DEBUG]: 戻り値 : ErrCode=E01&ErrInfo=E01240002
2010/12/05 21:37:13 IgnoreCaseMap [DEBUG]: 指定のキーは存在しません: key[ CardSeq ]
2010/12/05 21:37:13 IgnoreCaseMap [DEBUG]: 指定のキーは存在しません: key[ CardSeq ]
2010/12/05 21:37:13 IgnoreCaseMap [DEBUG]: 指定のキーは存在しません: key[ DefaultFlag ]
2010/12/05 21:37:13 IgnoreCaseMap [DEBUG]: 指定のキーは存在しません: key[ CardName ]
2010/12/05 21:37:13 IgnoreCaseMap [DEBUG]: 指定のキーは存在しません: key[ CardNo ]
2010/12/05 21:37:13 IgnoreCaseMap [DEBUG]: 指定のキーは存在しません: key[ Expire ]
2010/12/05 21:37:13 IgnoreCaseMap [DEBUG]: 指定のキーは存在しません: key[ HolderName ]
2010/12/05 21:37:13 IgnoreCaseMap [DEBUG]: 指定のキーは存在しません: key[ DeleteFlag ]
2010/12/05 21:37:30 SearchMember [DEBUG]: キー値 : SearchMember  取得URL : https://pt01.mul-pay.jp/payment/SearchMember.idPass
2010/12/05 21:37:30 SearchMember [DEBUG]: 戻り値 : MemberID=test004@test.com&MemberName=&DeleteFlag=0
2010/12/05 21:37:30 SearchCard [DEBUG]: キー値 : SearchCard  取得URL : https://pt01.mul-pay.jp/payment/SearchCard.idPass
2010/12/05 21:37:30 SearchCard [DEBUG]: 戻り値 : ErrCode=E01&ErrInfo=E01240002
2010/12/05 21:37:30 IgnoreCaseMap [DEBUG]: 指定のキーは存在しません: key[ CardSeq ]
2010/12/05 21:37:30 IgnoreCaseMap [DEBUG]: 指定のキーは存在しません: key[ CardSeq ]
2010/12/05 21:37:30 IgnoreCaseMap [DEBUG]: 指定のキーは存在しません: key[ DefaultFlag ]
2010/12/05 21:37:30 IgnoreCaseMap [DEBUG]: 指定のキーは存在しません: key[ CardName ]
2010/12/05 21:37:30 IgnoreCaseMap [DEBUG]: 指定のキーは存在しません: key[ CardNo ]
2010/12/05 21:37:30 IgnoreCaseMap [DEBUG]: 指定のキーは存在しません: key[ Expire ]
2010/12/05 21:37:30 IgnoreCaseMap [DEBUG]: 指定のキーは存在しません: key[ HolderName ]
2010/12/05 21:37:30 IgnoreCaseMap [DEBUG]: 指定のキーは存在しません: key[ DeleteFlag ]
2010/12/05 21:37:30 EntryTran [DEBUG]: キー値 : EntryTran  取得URL : https://pt01.mul-pay.jp/payment/EntryTran.idPass
2010/12/05 21:37:30 EntryTran [DEBUG]: 戻り値 : AccessID=7896feeaf25aa02903b8e5086e9d5039&AccessPass=d82a5ff2833973817f2993b5fc9d2c50
2010/12/05 21:37:30 ExecTran [DEBUG]: キー値 : ExecTran  取得URL : https://pt01.mul-pay.jp/payment/ExecTran.idPass
2010/12/05 21:37:31 ExecTran [DEBUG]: 戻り値 : ACS=0&OrderID=94111111111111111130152650&Forward=2a99662&Method=&PayTimes=&Approve=2394250&TranID=1012052137111111111111193375&TranDate=20101205213730&CheckString=fe7f219ea2749e9ed1cddd2aa7932eea&ClientField1=&ClientField2=&ClientField3=
2010/12/05 21:37:31 IgnoreCaseMap [DEBUG]: 指定のキーは存在しません: key[ CardName ]
2010/12/05 21:37:31 IgnoreCaseMap [DEBUG]: 指定のキーは存在しません: key[ AcsUrl ]
2010/12/05 21:37:31 IgnoreCaseMap [DEBUG]: 指定のキーは存在しません: key[ PaReq ]
2010/12/05 21:37:31 IgnoreCaseMap [DEBUG]: 指定のキーは存在しません: key[ MD ]
2010/12/05 21:37:31 TradedCard [DEBUG]: キー値 : TradedCard  取得URL : https://pt01.mul-pay.jp/payment/TradedCard.idPass
2010/12/05 21:37:31 TradedCard [DEBUG]: 戻り値 : CardSeq=0&CardNo=************1111&Forward=2a99662
2010/12/05 21:37:55 SearchCard [DEBUG]: キー値 : SearchCard  取得URL : https://pt01.mul-pay.jp/payment/SearchCard.idPass
2010/12/05 21:37:56 SearchCard [DEBUG]: 戻り値 : CardSeq=0&DefaultFlag=0&CardName=&CardNo=*************111&Expire=1301&HolderName=4111111111111111&DeleteFlag=0
2010/12/05 21:40:07 SearchCard [DEBUG]: キー値 : SearchCard  取得URL : https://pt01.mul-pay.jp/payment/SearchCard.idPass
2010/12/05 21:40:07 SearchCard [DEBUG]: 戻り値 : CardSeq=0&DefaultFlag=0&CardName=&CardNo=*************111&Expire=1301&HolderName=4111111111111111&DeleteFlag=0
2010/12/05 21:40:13 SearchTrade [DEBUG]: キー値 : SearchTrade  取得URL : https://pt01.mul-pay.jp/payment/SearchTrade.idPass
2010/12/05 21:40:13 SearchTrade [DEBUG]: 戻り値 : ErrCode=E01&ErrInfo=E01110002
2010/12/05 21:40:13 IgnoreCaseMap [DEBUG]: 指定のキーは存在しません: key[ OrderID ]
2010/12/05 21:40:13 IgnoreCaseMap [DEBUG]: 指定のキーは存在しません: key[ Status ]
2010/12/05 21:40:13 IgnoreCaseMap [DEBUG]: 指定のキーは存在しません: key[ ProcessDate ]
2010/12/05 21:40:13 IgnoreCaseMap [DEBUG]: 指定のキーは存在しません: key[ JobCd ]
2010/12/05 21:40:13 IgnoreCaseMap [DEBUG]: 指定のキーは存在しません: key[ AccessID ]
2010/12/05 21:40:13 IgnoreCaseMap [DEBUG]: 指定のキーは存在しません: key[ AccessPass ]
2010/12/05 21:40:13 IgnoreCaseMap [DEBUG]: 指定のキーは存在しません: key[ ItemCode ]
2010/12/05 21:40:13 IgnoreCaseMap [DEBUG]: 指定のキーは存在しません: key[ Amount ]
2010/12/05 21:40:13 IgnoreCaseMap [DEBUG]: 指定のキーは存在しません: key[ Tax ]
2010/12/05 21:40:13 IgnoreCaseMap [DEBUG]: 指定のキーは存在しません: key[ SiteID ]
2010/12/05 21:40:13 IgnoreCaseMap [DEBUG]: 指定のキーは存在しません: key[ MemberID ]
2010/12/05 21:40:13 IgnoreCaseMap [DEBUG]: 指定のキーは存在しません: key[ CardNo ]
2010/12/05 21:40:13 IgnoreCaseMap [DEBUG]: 指定のキーは存在しません: key[ Expire ]
2010/12/05 21:40:13 IgnoreCaseMap [DEBUG]: 指定のキーは存在しません: key[ Method ]
2010/12/05 21:40:13 IgnoreCaseMap [DEBUG]: 指定のキーは存在しません: key[ PayTimes ]
2010/12/05 21:40:13 IgnoreCaseMap [DEBUG]: 指定のキーは存在しません: key[ Forward ]
2010/12/05 21:40:13 IgnoreCaseMap [DEBUG]: 指定のキーは存在しません: key[ TranID ]
2010/12/05 21:40:13 IgnoreCaseMap [DEBUG]: 指定のキーは存在しません: key[ Approve ]
2010/12/05 21:40:13 IgnoreCaseMap [DEBUG]: 指定のキーは存在しません: key[ ClientField1 ]
2010/12/05 21:40:13 IgnoreCaseMap [DEBUG]: 指定のキーは存在しません: key[ ClientField2 ]
2010/12/05 21:40:13 IgnoreCaseMap [DEBUG]: 指定のキーは存在しません: key[ ClientField3 ]
2010/12/05 21:40:13 EntryTran [DEBUG]: キー値 : EntryTran  取得URL : https://pt01.mul-pay.jp/payment/EntryTran.idPass
2010/12/05 21:40:13 EntryTran [DEBUG]: 戻り値 : AccessID=43c1ea4bf5f444bd3735dd919fc205e4&AccessPass=a5922bbce59c8ce2249842d43669120f
2010/12/05 22:04:05 SearchCard [DEBUG]: キー値 : SearchCard  取得URL : https://pt01.mul-pay.jp/payment/SearchCard.idPass
2010/12/05 22:04:05 SearchCard [DEBUG]: 戻り値 : ErrCode=E01|E01&ErrInfo=E01390002|E01240002
2010/12/05 22:04:05 IgnoreCaseMap [DEBUG]: 指定のキーは存在しません: key[ CardSeq ]
2010/12/05 22:04:05 IgnoreCaseMap [DEBUG]: 指定のキーは存在しません: key[ CardSeq ]
2010/12/05 22:04:05 IgnoreCaseMap [DEBUG]: 指定のキーは存在しません: key[ DefaultFlag ]
2010/12/05 22:04:05 IgnoreCaseMap [DEBUG]: 指定のキーは存在しません: key[ CardName ]
2010/12/05 22:04:05 IgnoreCaseMap [DEBUG]: 指定のキーは存在しません: key[ CardNo ]
2010/12/05 22:04:05 IgnoreCaseMap [DEBUG]: 指定のキーは存在しません: key[ Expire ]
2010/12/05 22:04:05 IgnoreCaseMap [DEBUG]: 指定のキーは存在しません: key[ HolderName ]
2010/12/05 22:04:05 IgnoreCaseMap [DEBUG]: 指定のキーは存在しません: key[ DeleteFlag ]
2010/12/05 22:04:05 SearchCard [DEBUG]: キー値 : SearchCard  取得URL : https://pt01.mul-pay.jp/payment/SearchCard.idPass
2010/12/05 22:04:05 SearchCard [DEBUG]: 戻り値 : ErrCode=E01|E01&ErrInfo=E01390002|E01240002
2010/12/05 22:04:05 IgnoreCaseMap [DEBUG]: 指定のキーは存在しません: key[ CardSeq ]
2010/12/05 22:04:05 IgnoreCaseMap [DEBUG]: 指定のキーは存在しません: key[ CardSeq ]
2010/12/05 22:04:05 IgnoreCaseMap [DEBUG]: 指定のキーは存在しません: key[ DefaultFlag ]
2010/12/05 22:04:05 IgnoreCaseMap [DEBUG]: 指定のキーは存在しません: key[ CardName ]
2010/12/05 22:04:05 IgnoreCaseMap [DEBUG]: 指定のキーは存在しません: key[ CardNo ]
2010/12/05 22:04:05 IgnoreCaseMap [DEBUG]: 指定のキーは存在しません: key[ Expire ]
2010/12/05 22:04:05 IgnoreCaseMap [DEBUG]: 指定のキーは存在しません: key[ HolderName ]
2010/12/05 22:04:05 IgnoreCaseMap [DEBUG]: 指定のキーは存在しません: key[ DeleteFlag ]
2010/12/05 22:04:09 SearchMember [DEBUG]: キー値 : SearchMember  取得URL : https://pt01.mul-pay.jp/payment/SearchMember.idPass
2010/12/05 22:04:09 SearchMember [DEBUG]: 戻り値 : ErrCode=E01&ErrInfo=E01390002
2010/12/05 22:04:09 IgnoreCaseMap [DEBUG]: 指定のキーは存在しません: key[ MemberID ]
2010/12/05 22:04:09 IgnoreCaseMap [DEBUG]: 指定のキーは存在しません: key[ MemberName ]
2010/12/05 22:04:09 SaveMember [DEBUG]: キー値 : SaveMember  取得URL : https://pt01.mul-pay.jp/payment/SaveMember.idPass
2010/12/05 22:04:09 SaveMember [DEBUG]: 戻り値 : MemberID=test005@test.com
2010/12/05 22:04:09 SearchCard [DEBUG]: キー値 : SearchCard  取得URL : https://pt01.mul-pay.jp/payment/SearchCard.idPass
2010/12/05 22:04:09 SearchCard [DEBUG]: 戻り値 : ErrCode=E01&ErrInfo=E01240002
2010/12/05 22:04:09 IgnoreCaseMap [DEBUG]: 指定のキーは存在しません: key[ CardSeq ]
2010/12/05 22:04:09 IgnoreCaseMap [DEBUG]: 指定のキーは存在しません: key[ CardSeq ]
2010/12/05 22:04:09 IgnoreCaseMap [DEBUG]: 指定のキーは存在しません: key[ DefaultFlag ]
2010/12/05 22:04:09 IgnoreCaseMap [DEBUG]: 指定のキーは存在しません: key[ CardName ]
2010/12/05 22:04:09 IgnoreCaseMap [DEBUG]: 指定のキーは存在しません: key[ CardNo ]
2010/12/05 22:04:09 IgnoreCaseMap [DEBUG]: 指定のキーは存在しません: key[ Expire ]
2010/12/05 22:04:09 IgnoreCaseMap [DEBUG]: 指定のキーは存在しません: key[ HolderName ]
2010/12/05 22:04:09 IgnoreCaseMap [DEBUG]: 指定のキーは存在しません: key[ DeleteFlag ]
2010/12/05 22:04:09 EntryTran [DEBUG]: キー値 : EntryTran  取得URL : https://pt01.mul-pay.jp/payment/EntryTran.idPass
2010/12/05 22:04:10 EntryTran [DEBUG]: 戻り値 : AccessID=c1e37ec72ec9b636bdf4d7d41be49b56&AccessPass=e7d8f0bd39ec4c3b8b6cfd6b4644a355
2010/12/05 22:04:10 ExecTran [DEBUG]: キー値 : ExecTran  取得URL : https://pt01.mul-pay.jp/payment/ExecTran.idPass
2010/12/05 22:04:10 ExecTran [DEBUG]: 戻り値 : ErrCode=E01|E01&ErrInfo=E01170001|E01180001
2010/12/05 22:04:10 IgnoreCaseMap [DEBUG]: 指定のキーは存在しません: key[ OrderID ]
2010/12/05 22:04:10 IgnoreCaseMap [DEBUG]: 指定のキーは存在しません: key[ CardName ]
2010/12/05 22:04:10 IgnoreCaseMap [DEBUG]: 指定のキーは存在しません: key[ Forward ]
2010/12/05 22:04:10 IgnoreCaseMap [DEBUG]: 指定のキーは存在しません: key[ Method ]
2010/12/05 22:04:10 IgnoreCaseMap [DEBUG]: 指定のキーは存在しません: key[ PayTimes ]
2010/12/05 22:04:10 IgnoreCaseMap [DEBUG]: 指定のキーは存在しません: key[ TranID ]
2010/12/05 22:04:10 IgnoreCaseMap [DEBUG]: 指定のキーは存在しません: key[ Approve ]
2010/12/05 22:04:10 IgnoreCaseMap [DEBUG]: 指定のキーは存在しません: key[ Acs ]
2010/12/05 22:04:10 IgnoreCaseMap [DEBUG]: 指定のキーは存在しません: key[ TranDate ]
2010/12/05 22:04:10 IgnoreCaseMap [DEBUG]: 指定のキーは存在しません: key[ CheckString ]
2010/12/05 22:04:10 IgnoreCaseMap [DEBUG]: 指定のキーは存在しません: key[ ClientField1 ]
2010/12/05 22:04:10 IgnoreCaseMap [DEBUG]: 指定のキーは存在しません: key[ ClientField2 ]
2010/12/05 22:04:10 IgnoreCaseMap [DEBUG]: 指定のキーは存在しません: key[ ClientField3 ]
2010/12/05 22:04:10 IgnoreCaseMap [DEBUG]: 指定のキーは存在しません: key[ AcsUrl ]
2010/12/05 22:04:10 IgnoreCaseMap [DEBUG]: 指定のキーは存在しません: key[ PaReq ]
2010/12/05 22:04:10 IgnoreCaseMap [DEBUG]: 指定のキーは存在しません: key[ MD ]
2010/12/05 22:07:11 SearchCard [DEBUG]: キー値 : SearchCard  取得URL : https://pt01.mul-pay.jp/payment/SearchCard.idPass
2010/12/05 22:07:12 SearchCard [DEBUG]: 戻り値 : ErrCode=E01&ErrInfo=E01240002
2010/12/05 22:07:12 IgnoreCaseMap [DEBUG]: 指定のキーは存在しません: key[ CardSeq ]
2010/12/05 22:07:12 IgnoreCaseMap [DEBUG]: 指定のキーは存在しません: key[ CardSeq ]
2010/12/05 22:07:12 IgnoreCaseMap [DEBUG]: 指定のキーは存在しません: key[ DefaultFlag ]
2010/12/05 22:07:12 IgnoreCaseMap [DEBUG]: 指定のキーは存在しません: key[ CardName ]
2010/12/05 22:07:12 IgnoreCaseMap [DEBUG]: 指定のキーは存在しません: key[ CardNo ]
2010/12/05 22:07:12 IgnoreCaseMap [DEBUG]: 指定のキーは存在しません: key[ Expire ]
2010/12/05 22:07:12 IgnoreCaseMap [DEBUG]: 指定のキーは存在しません: key[ HolderName ]
2010/12/05 22:07:12 IgnoreCaseMap [DEBUG]: 指定のキーは存在しません: key[ DeleteFlag ]
2010/12/05 22:07:17 SearchCard [DEBUG]: キー値 : SearchCard  取得URL : https://pt01.mul-pay.jp/payment/SearchCard.idPass
2010/12/05 22:07:17 SearchCard [DEBUG]: 戻り値 : ErrCode=E01&ErrInfo=E01240002
2010/12/05 22:07:17 IgnoreCaseMap [DEBUG]: 指定のキーは存在しません: key[ CardSeq ]
2010/12/05 22:07:17 IgnoreCaseMap [DEBUG]: 指定のキーは存在しません: key[ CardSeq ]
2010/12/05 22:07:17 IgnoreCaseMap [DEBUG]: 指定のキーは存在しません: key[ DefaultFlag ]
2010/12/05 22:07:17 IgnoreCaseMap [DEBUG]: 指定のキーは存在しません: key[ CardName ]
2010/12/05 22:07:17 IgnoreCaseMap [DEBUG]: 指定のキーは存在しません: key[ CardNo ]
2010/12/05 22:07:17 IgnoreCaseMap [DEBUG]: 指定のキーは存在しません: key[ Expire ]
2010/12/05 22:07:17 IgnoreCaseMap [DEBUG]: 指定のキーは存在しません: key[ HolderName ]
2010/12/05 22:07:17 IgnoreCaseMap [DEBUG]: 指定のキーは存在しません: key[ DeleteFlag ]
2010/12/05 22:08:26 SearchMember [DEBUG]: キー値 : SearchMember  取得URL : https://pt01.mul-pay.jp/payment/SearchMember.idPass
2010/12/05 22:08:26 SearchMember [DEBUG]: 戻り値 : MemberID=test005@test.com&MemberName=&DeleteFlag=0
2010/12/05 22:08:29 SearchCard [DEBUG]: キー値 : SearchCard  取得URL : https://pt01.mul-pay.jp/payment/SearchCard.idPass
2010/12/05 22:08:29 SearchCard [DEBUG]: 戻り値 : ErrCode=E01&ErrInfo=E01240002
2010/12/05 22:08:29 IgnoreCaseMap [DEBUG]: 指定のキーは存在しません: key[ CardSeq ]
2010/12/05 22:08:29 IgnoreCaseMap [DEBUG]: 指定のキーは存在しません: key[ CardSeq ]
2010/12/05 22:08:29 IgnoreCaseMap [DEBUG]: 指定のキーは存在しません: key[ DefaultFlag ]
2010/12/05 22:08:29 IgnoreCaseMap [DEBUG]: 指定のキーは存在しません: key[ CardName ]
2010/12/05 22:08:29 IgnoreCaseMap [DEBUG]: 指定のキーは存在しません: key[ CardNo ]
2010/12/05 22:08:29 IgnoreCaseMap [DEBUG]: 指定のキーは存在しません: key[ Expire ]
2010/12/05 22:08:29 IgnoreCaseMap [DEBUG]: 指定のキーは存在しません: key[ HolderName ]
2010/12/05 22:08:29 IgnoreCaseMap [DEBUG]: 指定のキーは存在しません: key[ DeleteFlag ]
2010/12/05 22:08:33 EntryTran [DEBUG]: キー値 : EntryTran  取得URL : https://pt01.mul-pay.jp/payment/EntryTran.idPass
2010/12/05 22:08:33 EntryTran [DEBUG]: 戻り値 : AccessID=ec0a46b76246ea4671c7f542519ead33&AccessPass=a7aa2777c7ef1439ea1ea7683268784a
2010/12/05 22:08:33 ExecTran [DEBUG]: キー値 : ExecTran  取得URL : https://pt01.mul-pay.jp/payment/ExecTran.idPass
2010/12/05 22:08:34 ExecTran [DEBUG]: 戻り値 : ErrCode=E01|E01&ErrInfo=E01170001|E01180001
2010/12/05 22:08:34 IgnoreCaseMap [DEBUG]: 指定のキーは存在しません: key[ OrderID ]
2010/12/05 22:08:34 IgnoreCaseMap [DEBUG]: 指定のキーは存在しません: key[ CardName ]
2010/12/05 22:08:34 IgnoreCaseMap [DEBUG]: 指定のキーは存在しません: key[ Forward ]
2010/12/05 22:08:34 IgnoreCaseMap [DEBUG]: 指定のキーは存在しません: key[ Method ]
2010/12/05 22:08:34 IgnoreCaseMap [DEBUG]: 指定のキーは存在しません: key[ PayTimes ]
2010/12/05 22:08:34 IgnoreCaseMap [DEBUG]: 指定のキーは存在しません: key[ TranID ]
2010/12/05 22:08:34 IgnoreCaseMap [DEBUG]: 指定のキーは存在しません: key[ Approve ]
2010/12/05 22:08:34 IgnoreCaseMap [DEBUG]: 指定のキーは存在しません: key[ Acs ]
2010/12/05 22:08:34 IgnoreCaseMap [DEBUG]: 指定のキーは存在しません: key[ TranDate ]
2010/12/05 22:08:34 IgnoreCaseMap [DEBUG]: 指定のキーは存在しません: key[ CheckString ]
2010/12/05 22:08:34 IgnoreCaseMap [DEBUG]: 指定のキーは存在しません: key[ ClientField1 ]
2010/12/05 22:08:34 IgnoreCaseMap [DEBUG]: 指定のキーは存在しません: key[ ClientField2 ]
2010/12/05 22:08:34 IgnoreCaseMap [DEBUG]: 指定のキーは存在しません: key[ ClientField3 ]
2010/12/05 22:08:34 IgnoreCaseMap [DEBUG]: 指定のキーは存在しません: key[ AcsUrl ]
2010/12/05 22:08:34 IgnoreCaseMap [DEBUG]: 指定のキーは存在しません: key[ PaReq ]
2010/12/05 22:08:34 IgnoreCaseMap [DEBUG]: 指定のキーは存在しません: key[ MD ]
2010/12/05 22:24:43 SearchCard [DEBUG]: キー値 : SearchCard  取得URL : https://pt01.mul-pay.jp/payment/SearchCard.idPass
2010/12/05 22:24:44 SearchCard [DEBUG]: 戻り値 : ErrCode=E01&ErrInfo=E01240002
2010/12/05 22:24:44 IgnoreCaseMap [DEBUG]: 指定のキーは存在しません: key[ CardSeq ]
2010/12/05 22:24:44 IgnoreCaseMap [DEBUG]: 指定のキーは存在しません: key[ CardSeq ]
2010/12/05 22:24:44 IgnoreCaseMap [DEBUG]: 指定のキーは存在しません: key[ DefaultFlag ]
2010/12/05 22:24:44 IgnoreCaseMap [DEBUG]: 指定のキーは存在しません: key[ CardName ]
2010/12/05 22:24:44 IgnoreCaseMap [DEBUG]: 指定のキーは存在しません: key[ CardNo ]
2010/12/05 22:24:44 IgnoreCaseMap [DEBUG]: 指定のキーは存在しません: key[ Expire ]
2010/12/05 22:24:44 IgnoreCaseMap [DEBUG]: 指定のキーは存在しません: key[ HolderName ]
2010/12/05 22:24:44 IgnoreCaseMap [DEBUG]: 指定のキーは存在しません: key[ DeleteFlag ]
2010/12/05 22:24:44 SearchCard [DEBUG]: キー値 : SearchCard  取得URL : https://pt01.mul-pay.jp/payment/SearchCard.idPass
2010/12/05 22:24:44 SearchCard [DEBUG]: 戻り値 : ErrCode=E01&ErrInfo=E01240002
2010/12/05 22:24:44 IgnoreCaseMap [DEBUG]: 指定のキーは存在しません: key[ CardSeq ]
2010/12/05 22:24:44 IgnoreCaseMap [DEBUG]: 指定のキーは存在しません: key[ CardSeq ]
2010/12/05 22:24:44 IgnoreCaseMap [DEBUG]: 指定のキーは存在しません: key[ DefaultFlag ]
2010/12/05 22:24:44 IgnoreCaseMap [DEBUG]: 指定のキーは存在しません: key[ CardName ]
2010/12/05 22:24:44 IgnoreCaseMap [DEBUG]: 指定のキーは存在しません: key[ CardNo ]
2010/12/05 22:24:44 IgnoreCaseMap [DEBUG]: 指定のキーは存在しません: key[ Expire ]
2010/12/05 22:24:44 IgnoreCaseMap [DEBUG]: 指定のキーは存在しません: key[ HolderName ]
2010/12/05 22:24:44 IgnoreCaseMap [DEBUG]: 指定のキーは存在しません: key[ DeleteFlag ]
2010/12/05 22:24:46 SearchMember [DEBUG]: キー値 : SearchMember  取得URL : https://pt01.mul-pay.jp/payment/SearchMember.idPass
2010/12/05 22:24:46 SearchMember [DEBUG]: 戻り値 : MemberID=test005@test.com&MemberName=&DeleteFlag=0
2010/12/05 22:24:46 SearchCard [DEBUG]: キー値 : SearchCard  取得URL : https://pt01.mul-pay.jp/payment/SearchCard.idPass
2010/12/05 22:24:46 SearchCard [DEBUG]: 戻り値 : ErrCode=E01&ErrInfo=E01240002
2010/12/05 22:24:46 IgnoreCaseMap [DEBUG]: 指定のキーは存在しません: key[ CardSeq ]
2010/12/05 22:24:46 IgnoreCaseMap [DEBUG]: 指定のキーは存在しません: key[ CardSeq ]
2010/12/05 22:24:46 IgnoreCaseMap [DEBUG]: 指定のキーは存在しません: key[ DefaultFlag ]
2010/12/05 22:24:46 IgnoreCaseMap [DEBUG]: 指定のキーは存在しません: key[ CardName ]
2010/12/05 22:24:46 IgnoreCaseMap [DEBUG]: 指定のキーは存在しません: key[ CardNo ]
2010/12/05 22:24:46 IgnoreCaseMap [DEBUG]: 指定のキーは存在しません: key[ Expire ]
2010/12/05 22:24:46 IgnoreCaseMap [DEBUG]: 指定のキーは存在しません: key[ HolderName ]
2010/12/05 22:24:46 IgnoreCaseMap [DEBUG]: 指定のキーは存在しません: key[ DeleteFlag ]
2010/12/05 22:24:46 EntryTran [DEBUG]: キー値 : EntryTran  取得URL : https://pt01.mul-pay.jp/payment/EntryTran.idPass
2010/12/05 22:24:47 EntryTran [DEBUG]: 戻り値 : AccessID=0267391c3315d0bb14c391549ee4ce22&AccessPass=116c0bd82a9eb6aceaf03e838663c6d8
2010/12/05 22:24:47 ExecTran [DEBUG]: キー値 : ExecTran  取得URL : https://pt01.mul-pay.jp/payment/ExecTran.idPass
2010/12/05 22:24:47 ExecTran [DEBUG]: 戻り値 : ErrCode=E01|E01&ErrInfo=E01170001|E01180001
2010/12/05 22:24:47 IgnoreCaseMap [DEBUG]: 指定のキーは存在しません: key[ OrderID ]
2010/12/05 22:24:47 IgnoreCaseMap [DEBUG]: 指定のキーは存在しません: key[ CardName ]
2010/12/05 22:24:47 IgnoreCaseMap [DEBUG]: 指定のキーは存在しません: key[ Forward ]
2010/12/05 22:24:47 IgnoreCaseMap [DEBUG]: 指定のキーは存在しません: key[ Method ]
2010/12/05 22:24:47 IgnoreCaseMap [DEBUG]: 指定のキーは存在しません: key[ PayTimes ]
2010/12/05 22:24:47 IgnoreCaseMap [DEBUG]: 指定のキーは存在しません: key[ TranID ]
2010/12/05 22:24:47 IgnoreCaseMap [DEBUG]: 指定のキーは存在しません: key[ Approve ]
2010/12/05 22:24:47 IgnoreCaseMap [DEBUG]: 指定のキーは存在しません: key[ Acs ]
2010/12/05 22:24:47 IgnoreCaseMap [DEBUG]: 指定のキーは存在しません: key[ TranDate ]
2010/12/05 22:24:47 IgnoreCaseMap [DEBUG]: 指定のキーは存在しません: key[ CheckString ]
2010/12/05 22:24:47 IgnoreCaseMap [DEBUG]: 指定のキーは存在しません: key[ ClientField1 ]
2010/12/05 22:24:47 IgnoreCaseMap [DEBUG]: 指定のキーは存在しません: key[ ClientField2 ]
2010/12/05 22:24:47 IgnoreCaseMap [DEBUG]: 指定のキーは存在しません: key[ ClientField3 ]
2010/12/05 22:24:47 IgnoreCaseMap [DEBUG]: 指定のキーは存在しません: key[ AcsUrl ]
2010/12/05 22:24:47 IgnoreCaseMap [DEBUG]: 指定のキーは存在しません: key[ PaReq ]
2010/12/05 22:24:47 IgnoreCaseMap [DEBUG]: 指定のキーは存在しません: key[ MD ]
2010/12/05 22:25:39 SearchCard [DEBUG]: キー値 : SearchCard  取得URL : https://pt01.mul-pay.jp/payment/SearchCard.idPass
2010/12/05 22:25:39 SearchCard [DEBUG]: 戻り値 : ErrCode=E01&ErrInfo=E01240002
2010/12/05 22:25:39 IgnoreCaseMap [DEBUG]: 指定のキーは存在しません: key[ CardSeq ]
2010/12/05 22:25:39 IgnoreCaseMap [DEBUG]: 指定のキーは存在しません: key[ CardSeq ]
2010/12/05 22:25:39 IgnoreCaseMap [DEBUG]: 指定のキーは存在しません: key[ DefaultFlag ]
2010/12/05 22:25:39 IgnoreCaseMap [DEBUG]: 指定のキーは存在しません: key[ CardName ]
2010/12/05 22:25:39 IgnoreCaseMap [DEBUG]: 指定のキーは存在しません: key[ CardNo ]
2010/12/05 22:25:39 IgnoreCaseMap [DEBUG]: 指定のキーは存在しません: key[ Expire ]
2010/12/05 22:25:39 IgnoreCaseMap [DEBUG]: 指定のキーは存在しません: key[ HolderName ]
2010/12/05 22:25:39 IgnoreCaseMap [DEBUG]: 指定のキーは存在しません: key[ DeleteFlag ]
2010/12/05 22:25:39 SearchCard [DEBUG]: キー値 : SearchCard  取得URL : https://pt01.mul-pay.jp/payment/SearchCard.idPass
2010/12/05 22:25:39 SearchCard [DEBUG]: 戻り値 : ErrCode=E01&ErrInfo=E01240002
2010/12/05 22:25:39 IgnoreCaseMap [DEBUG]: 指定のキーは存在しません: key[ CardSeq ]
2010/12/05 22:25:39 IgnoreCaseMap [DEBUG]: 指定のキーは存在しません: key[ CardSeq ]
2010/12/05 22:25:39 IgnoreCaseMap [DEBUG]: 指定のキーは存在しません: key[ DefaultFlag ]
2010/12/05 22:25:39 IgnoreCaseMap [DEBUG]: 指定のキーは存在しません: key[ CardName ]
2010/12/05 22:25:39 IgnoreCaseMap [DEBUG]: 指定のキーは存在しません: key[ CardNo ]
2010/12/05 22:25:39 IgnoreCaseMap [DEBUG]: 指定のキーは存在しません: key[ Expire ]
2010/12/05 22:25:39 IgnoreCaseMap [DEBUG]: 指定のキーは存在しません: key[ HolderName ]
2010/12/05 22:25:39 IgnoreCaseMap [DEBUG]: 指定のキーは存在しません: key[ DeleteFlag ]
2010/12/05 22:25:41 SearchMember [DEBUG]: キー値 : SearchMember  取得URL : https://pt01.mul-pay.jp/payment/SearchMember.idPass
2010/12/05 22:25:42 SearchMember [DEBUG]: 戻り値 : MemberID=test005@test.com&MemberName=&DeleteFlag=0
2010/12/05 22:25:42 SearchCard [DEBUG]: キー値 : SearchCard  取得URL : https://pt01.mul-pay.jp/payment/SearchCard.idPass
2010/12/05 22:25:42 SearchCard [DEBUG]: 戻り値 : ErrCode=E01&ErrInfo=E01240002
2010/12/05 22:25:42 IgnoreCaseMap [DEBUG]: 指定のキーは存在しません: key[ CardSeq ]
2010/12/05 22:25:42 IgnoreCaseMap [DEBUG]: 指定のキーは存在しません: key[ CardSeq ]
2010/12/05 22:25:42 IgnoreCaseMap [DEBUG]: 指定のキーは存在しません: key[ DefaultFlag ]
2010/12/05 22:25:42 IgnoreCaseMap [DEBUG]: 指定のキーは存在しません: key[ CardName ]
2010/12/05 22:25:42 IgnoreCaseMap [DEBUG]: 指定のキーは存在しません: key[ CardNo ]
2010/12/05 22:25:42 IgnoreCaseMap [DEBUG]: 指定のキーは存在しません: key[ Expire ]
2010/12/05 22:25:42 IgnoreCaseMap [DEBUG]: 指定のキーは存在しません: key[ HolderName ]
2010/12/05 22:25:42 IgnoreCaseMap [DEBUG]: 指定のキーは存在しません: key[ DeleteFlag ]
2010/12/05 22:25:42 EntryTran [DEBUG]: キー値 : EntryTran  取得URL : https://pt01.mul-pay.jp/payment/EntryTran.idPass
2010/12/05 22:25:42 EntryTran [DEBUG]: 戻り値 : AccessID=cedd8e99172f7ce9040652c9b5cf268e&AccessPass=e6d7f08c624d664beb0cafe45379d9ef
2010/12/05 22:25:42 ExecTran [DEBUG]: キー値 : ExecTran  取得URL : https://pt01.mul-pay.jp/payment/ExecTran.idPass
2010/12/05 22:25:42 ExecTran [DEBUG]: 戻り値 : ErrCode=E01|E01&ErrInfo=E01170001|E01180001
2010/12/05 22:25:42 IgnoreCaseMap [DEBUG]: 指定のキーは存在しません: key[ OrderID ]
2010/12/05 22:25:42 IgnoreCaseMap [DEBUG]: 指定のキーは存在しません: key[ CardName ]
2010/12/05 22:25:42 IgnoreCaseMap [DEBUG]: 指定のキーは存在しません: key[ Forward ]
2010/12/05 22:25:42 IgnoreCaseMap [DEBUG]: 指定のキーは存在しません: key[ Method ]
2010/12/05 22:25:42 IgnoreCaseMap [DEBUG]: 指定のキーは存在しません: key[ PayTimes ]
2010/12/05 22:25:42 IgnoreCaseMap [DEBUG]: 指定のキーは存在しません: key[ TranID ]
2010/12/05 22:25:42 IgnoreCaseMap [DEBUG]: 指定のキーは存在しません: key[ Approve ]
2010/12/05 22:25:42 IgnoreCaseMap [DEBUG]: 指定のキーは存在しません: key[ Acs ]
2010/12/05 22:25:42 IgnoreCaseMap [DEBUG]: 指定のキーは存在しません: key[ TranDate ]
2010/12/05 22:25:42 IgnoreCaseMap [DEBUG]: 指定のキーは存在しません: key[ CheckString ]
2010/12/05 22:25:42 IgnoreCaseMap [DEBUG]: 指定のキーは存在しません: key[ ClientField1 ]
2010/12/05 22:25:42 IgnoreCaseMap [DEBUG]: 指定のキーは存在しません: key[ ClientField2 ]
2010/12/05 22:25:42 IgnoreCaseMap [DEBUG]: 指定のキーは存在しません: key[ ClientField3 ]
2010/12/05 22:25:42 IgnoreCaseMap [DEBUG]: 指定のキーは存在しません: key[ AcsUrl ]
2010/12/05 22:25:42 IgnoreCaseMap [DEBUG]: 指定のキーは存在しません: key[ PaReq ]
2010/12/05 22:25:42 IgnoreCaseMap [DEBUG]: 指定のキーは存在しません: key[ MD ]
